Using pre-set license
Built from '2020.2/staging' branch; Version is '2020.2.7f1 (c53830e277f1) revision 12924976'; Using compiler version '192528614'; Build Type 'Release'
OS: 'Windows 10 Home; OS build 19042.867; Version 2009; 64bit' Language: 'es' Physical Memory: 16224 MB
BatchMode: 1, IsHumanControllingUs: 0, StartBugReporterOnCrash: 0, Is64bit: 1, IsPro: 0

 COMMAND LINE ARGUMENTS:
C:\Program Files\Unity\Hub\Editor\2020.2.7f1\Editor\Unity.exe
-adb2
-batchMode
-noUpm
-name
AssetImportWorker1
-projectPath
D:/Tercero/PrimerTrimestre/Desenvolupament
-logFile
Logs/AssetImportWorker1.log
-srvPort
59364
Successfully changed project path to: D:/Tercero/PrimerTrimestre/Desenvolupament
D:/Tercero/PrimerTrimestre/Desenvolupament
Using Asset Import Pipeline V2.
Refreshing native plugins compatible for Editor in 59.38 ms, found 0 plugins.
Preloading 0 native plugins for Editor in 0.00 ms.
Initialize engine version: 2020.2.7f1 (c53830e277f1)
[Subsystems] Discovering subsystems at path C:/Program Files/Unity/Hub/Editor/2020.2.7f1/Editor/Data/Resources/UnitySubsystems
[Subsystems] Discovering subsystems at path D:/Tercero/PrimerTrimestre/Desenvolupament/Assets
GfxDevice: creating device client; threaded=0
Direct3D:
    Version:  Direct3D 11.0 [level 11.1]
    Renderer: NVIDIA GeForce RTX 2070 (ID=0x1f10)
    Vendor:   
    VRAM:     8031 MB
    Driver:   25.21.14.1749
Shader 'Universal Render Pipeline/Particles/Lit': fallback shader 'Universal Render Pipeline/Particles/SimpleLit' not found
Initialize mono
Mono path[0] = 'C:/Program Files/Unity/Hub/Editor/2020.2.7f1/Editor/Data/Managed'
Mono path[1] = 'C:/Program Files/Unity/Hub/Editor/2020.2.7f1/Editor/Data/MonoBleedingEdge/lib/mono/unityjit'
Mono config path = 'C:/Program Files/Unity/Hub/Editor/2020.2.7f1/Editor/Data/MonoBleedingEdge/etc'
Using monoOptions --debugger-agent=transport=dt_socket,embedding=1,server=y,suspend=n,address=127.0.0.1:56352
Begin MonoManager ReloadAssembly
Registering precompiled unity dll's ...
Register platform support module: C:/Program Files/Unity/Hub/Editor/2020.2.7f1/Editor/Data/PlaybackEngines/WindowsStandaloneSupport/UnityEditor.WindowsStandalone.Extensions.dll
Registered in 0.001897 seconds.
Native extension for WindowsStandalone target not found
Refreshing native plugins compatible for Editor in 56.91 ms, found 0 plugins.
Preloading 0 native plugins for Editor in 0.00 ms.
Invoked RoslynAnalysisRunner static constructor.
RoslynAnalysisRunner will not be running.
RoslynAnalysisRunner has terminated.
Mono: successfully reloaded assembly
- Completed reload, in  1.061 seconds
Platform modules already initialized, skipping
Registering precompiled user dll's ...
Registered in 0.001629 seconds.
Begin MonoManager ReloadAssembly
Native extension for WindowsStandalone target not found
Refreshing native plugins compatible for Editor in 83.19 ms, found 0 plugins.
Preloading 0 native plugins for Editor in 0.00 ms.
Invoked RoslynAnalysisRunner static constructor.
RoslynAnalysisRunner will not be running.
RoslynAnalysisRunner has terminated.
Mono: successfully reloaded assembly
- Completed reload, in  1.816 seconds
Platform modules already initialized, skipping
========================================================================
Worker process is ready to serve import requests
Shader 'Universal Render Pipeline/Particles/Lit': fallback shader 'Universal Render Pipeline/Particles/SimpleLit' not found
Launched and connected shader compiler UnityShaderCompiler.exe after 0.04 seconds
Refreshing native plugins compatible for Editor in 0.62 ms, found 0 plugins.
Preloading 0 native plugins for Editor in 0.00 ms.
Unloading 2557 Unused Serialized files (Serialized files now loaded: 0)
System memory in use before: 173.0 MB.
System memory in use after: 173.2 MB.

Unloading 11 unused Assets to reduce memory usage. Loaded Objects now: 3042.
Total: 3.361700 ms (FindLiveObjects: 0.591500 ms CreateObjectMapping: 0.291800 ms MarkObjects: 2.343300 ms  DeleteObjects: 0.133800 ms)

========================================================================
Received Import Request.
  path: Assets/DreamForestTree/Textures/Ground/Ground 1.psd
  artifactKey: Guid(38d6a13a3b047fe4ea696f11f4976f73) Importer(815301076,1909f56bfc062723c751e8b465ee728b)
Start importing Assets/DreamForestTree/Textures/Ground/Ground 1.psd using Guid(38d6a13a3b047fe4ea696f11f4976f73) Importer(815301076,1909f56bfc062723c751e8b465ee728b)  -> (artifact id: '522dc994f54701a98dde87af000b859d') in 0.057568 seconds
  Import took 0.070380 seconds .

========================================================================
Received Import Request.
  Time since last request: 0.000374 seconds.
  path: Assets/DreamForestTree/Textures/Ground/Grass 3.psd
  artifactKey: Guid(656afd8e9942c0846bd3cb51c33e7cd2) Importer(815301076,1909f56bfc062723c751e8b465ee728b)
Start importing Assets/DreamForestTree/Textures/Ground/Grass 3.psd using Guid(656afd8e9942c0846bd3cb51c33e7cd2) Importer(815301076,1909f56bfc062723c751e8b465ee728b)  -> (artifact id: '893d89a8220f1bdb2c6810b15835bd36') in 0.014970 seconds
  Import took 0.031319 seconds .

========================================================================
Received Import Request.
  Time since last request: 0.000939 seconds.
  path: Assets/DreamForestTree/Textures/Ground/Grass 1.psd
  artifactKey: Guid(94685254be8a058428103d739877166a) Importer(815301076,1909f56bfc062723c751e8b465ee728b)
Start importing Assets/DreamForestTree/Textures/Ground/Grass 1.psd using Guid(94685254be8a058428103d739877166a) Importer(815301076,1909f56bfc062723c751e8b465ee728b)  -> (artifact id: 'a6babf5dfe46941f11478ea9593c4dc2') in 0.006844 seconds
  Import took 0.014547 seconds .

========================================================================
Received Import Request.
  Time since last request: 0.000356 seconds.
  path: Assets/DreamForestTree/Textures/Ground/NewLayer 4.terrainlayer
  artifactKey: Guid(b1de5ddfaf560cc4b9722abe2cc6cb39) Importer(815301076,1909f56bfc062723c751e8b465ee728b)
Start importing Assets/DreamForestTree/Textures/Ground/NewLayer 4.terrainlayer using Guid(b1de5ddfaf560cc4b9722abe2cc6cb39) Importer(815301076,1909f56bfc062723c751e8b465ee728b)  -> (artifact id: '44ed1cd73ca390b6f5258d0a80a59873') in 0.037302 seconds
  Import took 0.052036 seconds .

========================================================================
Received Import Request.
  Time since last request: 3.859720 seconds.
  path: Assets/DreamForestTree/Textures/Ground/NewLayer 1.terrainlayer
  artifactKey: Guid(294e6f0fe1c63aa4ca2aeb6ee2cb6cab) Importer(815301076,1909f56bfc062723c751e8b465ee728b)
Start importing Assets/DreamForestTree/Textures/Ground/NewLayer 1.terrainlayer using Guid(294e6f0fe1c63aa4ca2aeb6ee2cb6cab) Importer(815301076,1909f56bfc062723c751e8b465ee728b)  -> (artifact id: '16675e3116bfd6f4eac0d489df42724e') in 0.035901 seconds
  Import took 0.049254 seconds .

