Using pre-set license
Built from '2020.2/staging' branch; Version is '2020.2.7f1 (c53830e277f1) revision 12924976'; Using compiler version '192528614'; Build Type 'Release'
OS: 'Windows 10 Home; OS build 19043.1237; Version 2009; 64bit' Language: 'es' Physical Memory: 16061 MB
BatchMode: 1, IsHumanControllingUs: 0, StartBugReporterOnCrash: 0, Is64bit: 1, IsPro: 0

 COMMAND LINE ARGUMENTS:
C:\Program Files\Unity\Hub\Editor\2020.2.7f1\Editor\Unity.exe
-adb2
-batchMode
-noUpm
-name
AssetImportWorker0
-projectPath
E:/Proyecto Desenvolupament/FPS-Desenvolupament
-logFile
Logs/AssetImportWorker0.log
-srvPort
63233
Successfully changed project path to: E:/Proyecto Desenvolupament/FPS-Desenvolupament
E:/Proyecto Desenvolupament/FPS-Desenvolupament
Using Asset Import Pipeline V2.
Refreshing native plugins compatible for Editor in 28.57 ms, found 0 plugins.
Preloading 0 native plugins for Editor in 0.00 ms.
Initialize engine version: 2020.2.7f1 (c53830e277f1)
[Subsystems] Discovering subsystems at path C:/Program Files/Unity/Hub/Editor/2020.2.7f1/Editor/Data/Resources/UnitySubsystems
[Subsystems] Discovering subsystems at path E:/Proyecto Desenvolupament/FPS-Desenvolupament/Assets
GfxDevice: creating device client; threaded=0
Direct3D:
    Version:  Direct3D 11.0 [level 11.1]
    Renderer: NVIDIA GeForce RTX 3060 Laptop GPU (ID=0x2520)
    Vendor:   
    VRAM:     6023 MB
    Driver:   27.21.14.6235
Initialize mono
Mono path[0] = 'C:/Program Files/Unity/Hub/Editor/2020.2.7f1/Editor/Data/Managed'
Mono path[1] = 'C:/Program Files/Unity/Hub/Editor/2020.2.7f1/Editor/Data/MonoBleedingEdge/lib/mono/unityjit'
Mono config path = 'C:/Program Files/Unity/Hub/Editor/2020.2.7f1/Editor/Data/MonoBleedingEdge/etc'
Using monoOptions --debugger-agent=transport=dt_socket,embedding=1,server=y,suspend=n,address=127.0.0.1:56356
Begin MonoManager ReloadAssembly
Registering precompiled unity dll's ...
Register platform support module: C:/Program Files/Unity/Hub/Editor/2020.2.7f1/Editor/Data/PlaybackEngines/WindowsStandaloneSupport/UnityEditor.WindowsStandalone.Extensions.dll
Registered in 0.001242 seconds.
Native extension for WindowsStandalone target not found
Refreshing native plugins compatible for Editor in 24.98 ms, found 0 plugins.
Preloading 0 native plugins for Editor in 0.00 ms.
Invoked RoslynAnalysisRunner static constructor.
RoslynAnalysisRunner will not be running.
RoslynAnalysisRunner has terminated.
Mono: successfully reloaded assembly
- Completed reload, in  0.809 seconds
Platform modules already initialized, skipping
Registering precompiled user dll's ...
Registered in 0.000496 seconds.
Begin MonoManager ReloadAssembly
Native extension for WindowsStandalone target not found
Refreshing native plugins compatible for Editor in 0.34 ms, found 0 plugins.
Preloading 0 native plugins for Editor in 0.00 ms.
Invoked RoslynAnalysisRunner static constructor.
RoslynAnalysisRunner will not be running.
RoslynAnalysisRunner has terminated.
Mono: successfully reloaded assembly
- Completed reload, in  0.623 seconds
Platform modules already initialized, skipping
========================================================================
Worker process is ready to serve import requests
Launched and connected shader compiler UnityShaderCompiler.exe after 0.03 seconds
Refreshing native plugins compatible for Editor in 0.35 ms, found 0 plugins.
Preloading 0 native plugins for Editor in 0.00 ms.
Unloading 1154 Unused Serialized files (Serialized files now loaded: 0)
System memory in use before: 74.5 MB.
System memory in use after: 74.5 MB.

Unloading 10 unused Assets to reduce memory usage. Loaded Objects now: 1621.
Total: 1.460900 ms (FindLiveObjects: 0.175300 ms CreateObjectMapping: 0.040300 ms MarkObjects: 1.154900 ms  DeleteObjects: 0.089100 ms)

========================================================================
Received Import Request.
  path: Assets/RunemarkStudio/DarkFantasyKit/Prefabs
  artifactKey: Guid(db6ff220f7cc48c499d12bd12cdc3eea) Importer(815301076,1909f56bfc062723c751e8b465ee728b)
Start importing Assets/RunemarkStudio/DarkFantasyKit/Prefabs using Guid(db6ff220f7cc48c499d12bd12cdc3eea) Importer(815301076,1909f56bfc062723c751e8b465ee728b)  -> (artifact id: '7c3fa26b328603da06fc610d2e6debb6') in 0.008290 seconds
  Import took 0.010794 seconds .

========================================================================
Received Import Request.
  Time since last request: 0.000257 seconds.
  path: Assets/RunemarkStudio/DarkFantasyKit
  artifactKey: Guid(adc8c87b6088fef4e883cae3a0b7416a) Importer(815301076,1909f56bfc062723c751e8b465ee728b)
Start importing Assets/RunemarkStudio/DarkFantasyKit using Guid(adc8c87b6088fef4e883cae3a0b7416a) Importer(815301076,1909f56bfc062723c751e8b465ee728b)  -> (artifact id: '5c9c58776c4f7393a4497ee0ea6720fd') in 0.009230 seconds
  Import took 0.011609 seconds .

========================================================================
Received Import Request.
  Time since last request: 0.588027 seconds.
  path: Assets/RunemarkStudio/DarkFantasyKit/Meshes
  artifactKey: Guid(34668753ee91cf247bc8c8bb5d125aca) Importer(815301076,1909f56bfc062723c751e8b465ee728b)
Start importing Assets/RunemarkStudio/DarkFantasyKit/Meshes using Guid(34668753ee91cf247bc8c8bb5d125aca) Importer(815301076,1909f56bfc062723c751e8b465ee728b)  -> (artifact id: '9b2a06ee9206898cbadaecbf7ebf9d29') in 0.009508 seconds
  Import took 0.011789 seconds .

========================================================================
Received Import Request.
  Time since last request: 2.475408 seconds.
  path: Assets/RunemarkStudio/DarkFantasyKit/Meshes/Doors and Gates
  artifactKey: Guid(dc1fef31c9c8b0b488389b5ec3480f12) Importer(815301076,1909f56bfc062723c751e8b465ee728b)
Start importing Assets/RunemarkStudio/DarkFantasyKit/Meshes/Doors and Gates using Guid(dc1fef31c9c8b0b488389b5ec3480f12) Importer(815301076,1909f56bfc062723c751e8b465ee728b)  -> (artifact id: '0f8bf19e9229a5872e73b5ac99910fd4') in 0.006107 seconds
  Import took 0.008258 seconds .

========================================================================
Received Import Request.
  Time since last request: 2.569222 seconds.
  path: Assets/RunemarkStudio/DarkFantasyKit/Meshes/Stairs and Railings
  artifactKey: Guid(b5bb847c23a62a640a511064c4d02d8f) Importer(815301076,1909f56bfc062723c751e8b465ee728b)
Start importing Assets/RunemarkStudio/DarkFantasyKit/Meshes/Stairs and Railings using Guid(b5bb847c23a62a640a511064c4d02d8f) Importer(815301076,1909f56bfc062723c751e8b465ee728b)  -> (artifact id: 'b1edba38b74f805638cbe6d30d85c078') in 0.005962 seconds
  Import took 0.007883 seconds .

========================================================================
Received Import Request.
  Time since last request: 0.065123 seconds.
  path: Assets/RunemarkStudio/DarkFantasyKit/Meshes/Stairs and Railings/dfk_railing_wood_01.fbx
  artifactKey: Guid(920584cb0703496448a18115781a5510) Importer(815301076,1909f56bfc062723c751e8b465ee728b)
Start importing Assets/RunemarkStudio/DarkFantasyKit/Meshes/Stairs and Railings/dfk_railing_wood_01.fbx using Guid(920584cb0703496448a18115781a5510) Importer(815301076,1909f56bfc062723c751e8b465ee728b)  -> (artifact id: 'f2a7e2c6f7e014765993d9a3c8faec75') in 0.147911 seconds
  Import took 0.149824 seconds .

========================================================================
Received Import Request.
  Time since last request: 0.000183 seconds.
  path: Assets/RunemarkStudio/DarkFantasyKit/Meshes/Stairs and Railings/dfk_stairs_01.fbx
  artifactKey: Guid(545b902be786bb6488db68ead3e8c4be) Importer(815301076,1909f56bfc062723c751e8b465ee728b)
Start importing Assets/RunemarkStudio/DarkFantasyKit/Meshes/Stairs and Railings/dfk_stairs_01.fbx using Guid(545b902be786bb6488db68ead3e8c4be) Importer(815301076,1909f56bfc062723c751e8b465ee728b)  -> (artifact id: '5a41659a8d84c8b6775e70495ba45542') in 0.100992 seconds
  Import took 0.103420 seconds .

========================================================================
Received Import Request.
  Time since last request: 0.000192 seconds.
  path: Assets/RunemarkStudio/DarkFantasyKit/Meshes/Stairs and Railings/dfk_spiral_stairs_small.fbx
  artifactKey: Guid(76dde890b89d3fd4e9394ea5797977f2) Importer(815301076,1909f56bfc062723c751e8b465ee728b)
Start importing Assets/RunemarkStudio/DarkFantasyKit/Meshes/Stairs and Railings/dfk_spiral_stairs_small.fbx using Guid(76dde890b89d3fd4e9394ea5797977f2) Importer(815301076,1909f56bfc062723c751e8b465ee728b)  -> (artifact id: 'eb29b70dce1f072f0a680001fb5ad9bc') in 0.057715 seconds
  Import took 0.059533 seconds .

========================================================================
Received Import Request.
  Time since last request: 0.000162 seconds.
  path: Assets/RunemarkStudio/DarkFantasyKit/Meshes/Stairs and Railings/dfk_spiral_stairs_low.fbx
  artifactKey: Guid(ba34aa79f821c2a4388810e799792f11) Importer(815301076,1909f56bfc062723c751e8b465ee728b)
Start importing Assets/RunemarkStudio/DarkFantasyKit/Meshes/Stairs and Railings/dfk_spiral_stairs_low.fbx using Guid(ba34aa79f821c2a4388810e799792f11) Importer(815301076,1909f56bfc062723c751e8b465ee728b)  -> (artifact id: 'd72a99e738cd7ca8cc749aa2908a721b') in 0.059694 seconds
  Import took 0.062135 seconds .

========================================================================
Received Import Request.
  Time since last request: 0.000171 seconds.
  path: Assets/RunemarkStudio/DarkFantasyKit/Meshes/Stairs and Railings/dfk_railing_wood_01_end.fbx
  artifactKey: Guid(b221b607f712de042ad648e6a98fceaf) Importer(815301076,1909f56bfc062723c751e8b465ee728b)
Start importing Assets/RunemarkStudio/DarkFantasyKit/Meshes/Stairs and Railings/dfk_railing_wood_01_end.fbx using Guid(b221b607f712de042ad648e6a98fceaf) Importer(815301076,1909f56bfc062723c751e8b465ee728b)  -> (artifact id: '527c06e9cbcc1513560081da2c0ef935') in 0.042896 seconds
  Import took 0.044710 seconds .

========================================================================
Received Import Request.
  Time since last request: 0.000175 seconds.
  path: Assets/RunemarkStudio/DarkFantasyKit/Meshes/Stairs and Railings/dfk_stairs_wood_spiral.fbx
  artifactKey: Guid(c5805200b4b8403418bbd1384550d4f6) Importer(815301076,1909f56bfc062723c751e8b465ee728b)
Start importing Assets/RunemarkStudio/DarkFantasyKit/Meshes/Stairs and Railings/dfk_stairs_wood_spiral.fbx using Guid(c5805200b4b8403418bbd1384550d4f6) Importer(815301076,1909f56bfc062723c751e8b465ee728b)  -> (artifact id: 'c1e52b518af7a362edf202dc21c8b2ea') in 0.067930 seconds
  Import took 0.069919 seconds .

========================================================================
Received Import Request.
  Time since last request: 0.000188 seconds.
  path: Assets/RunemarkStudio/DarkFantasyKit/Meshes/Stairs and Railings/dfk_railings_01.fbx
  artifactKey: Guid(a1f8c3adcef962646baee9312597788e) Importer(815301076,1909f56bfc062723c751e8b465ee728b)
Start importing Assets/RunemarkStudio/DarkFantasyKit/Meshes/Stairs and Railings/dfk_railings_01.fbx using Guid(a1f8c3adcef962646baee9312597788e) Importer(815301076,1909f56bfc062723c751e8b465ee728b)  -> (artifact id: 'e8bfac09f6fba8fcf84f801e3b74de22') in 0.094108 seconds
  Import took 0.096210 seconds .

========================================================================
Received Import Request.
  Time since last request: 0.000156 seconds.
  path: Assets/RunemarkStudio/DarkFantasyKit/Meshes/Stairs and Railings/dfk_railing_wood_01_half.fbx
  artifactKey: Guid(2c593d1401ab26a49bcabea566c7124a) Importer(815301076,1909f56bfc062723c751e8b465ee728b)
Start importing Assets/RunemarkStudio/DarkFantasyKit/Meshes/Stairs and Railings/dfk_railing_wood_01_half.fbx using Guid(2c593d1401ab26a49bcabea566c7124a) Importer(815301076,1909f56bfc062723c751e8b465ee728b)  -> (artifact id: '91aae2c6eee05d74feda9faea7fff0d1') in 0.043037 seconds
  Import took 0.044968 seconds .

========================================================================
Received Import Request.
  Time since last request: 0.000181 seconds.
  path: Assets/RunemarkStudio/DarkFantasyKit/Meshes/Stairs and Railings/dfk_railing_wood_end.fbx
  artifactKey: Guid(b2e98603d2a2082468245a67000b0c8a) Importer(815301076,1909f56bfc062723c751e8b465ee728b)
Start importing Assets/RunemarkStudio/DarkFantasyKit/Meshes/Stairs and Railings/dfk_railing_wood_end.fbx using Guid(b2e98603d2a2082468245a67000b0c8a) Importer(815301076,1909f56bfc062723c751e8b465ee728b)  -> (artifact id: '93de77a7586468509058ca29ac094567') in 0.039571 seconds
  Import took 0.041653 seconds .

========================================================================
Received Import Request.
  Time since last request: 0.000164 seconds.
  path: Assets/RunemarkStudio/DarkFantasyKit/Meshes/Stairs and Railings/dfk_spiral_stairs.fbx
  artifactKey: Guid(7dacbf27c47220a4c876a1f1e5654256) Importer(815301076,1909f56bfc062723c751e8b465ee728b)
Start importing Assets/RunemarkStudio/DarkFantasyKit/Meshes/Stairs and Railings/dfk_spiral_stairs.fbx using Guid(7dacbf27c47220a4c876a1f1e5654256) Importer(815301076,1909f56bfc062723c751e8b465ee728b)  -> (artifact id: '290e2e16393a6616109f58adca32f6ac') in 0.045664 seconds
  Import took 0.047425 seconds .

========================================================================
Received Import Request.
  Time since last request: 0.000214 seconds.
  path: Assets/RunemarkStudio/DarkFantasyKit/Meshes/Stairs and Railings/dfk_railing_wood_01_lean_left.fbx
  artifactKey: Guid(9b536e75379d5714e8dde19036539959) Importer(815301076,1909f56bfc062723c751e8b465ee728b)
Start importing Assets/RunemarkStudio/DarkFantasyKit/Meshes/Stairs and Railings/dfk_railing_wood_01_lean_left.fbx using Guid(9b536e75379d5714e8dde19036539959) Importer(815301076,1909f56bfc062723c751e8b465ee728b)  -> (artifact id: '46865d00e9d3778375416c2207df88aa') in 0.029588 seconds
  Import took 0.031447 seconds .

========================================================================
Received Import Request.
  Time since last request: 0.000158 seconds.
  path: Assets/RunemarkStudio/DarkFantasyKit/Meshes/Stairs and Railings/dfk_stairs_wood.fbx
  artifactKey: Guid(3313a15a6f386af46987d77c29d9d8f1) Importer(815301076,1909f56bfc062723c751e8b465ee728b)
Start importing Assets/RunemarkStudio/DarkFantasyKit/Meshes/Stairs and Railings/dfk_stairs_wood.fbx using Guid(3313a15a6f386af46987d77c29d9d8f1) Importer(815301076,1909f56bfc062723c751e8b465ee728b)  -> (artifact id: '056e2b4220e8076aeb4d124e489cef1a') in 0.031958 seconds
  Import took 0.034220 seconds .

========================================================================
Received Import Request.
  Time since last request: 0.000172 seconds.
  path: Assets/RunemarkStudio/DarkFantasyKit/Meshes/Stairs and Railings/dfk_railing_wood_01_lean_right.fbx
  artifactKey: Guid(5c2bed0c1534d15469e98b8a4b4fce9f) Importer(815301076,1909f56bfc062723c751e8b465ee728b)
Start importing Assets/RunemarkStudio/DarkFantasyKit/Meshes/Stairs and Railings/dfk_railing_wood_01_lean_right.fbx using Guid(5c2bed0c1534d15469e98b8a4b4fce9f) Importer(815301076,1909f56bfc062723c751e8b465ee728b)  -> (artifact id: '131881fb9317440c3d0fc664c09c1992') in 0.031130 seconds
  Import took 0.033007 seconds .

========================================================================
Received Import Request.
  Time since last request: 74.707776 seconds.
  path: Assets/Prefabs/Scenario.prefab
  artifactKey: Guid(7e4a574dc3bf9c948b10e063e5aae53b) Importer(815301076,1909f56bfc062723c751e8b465ee728b)
Start importing Assets/Prefabs/Scenario.prefab using Guid(7e4a574dc3bf9c948b10e063e5aae53b) Importer(815301076,1909f56bfc062723c751e8b465ee728b)  -> (artifact id: 'a47bb631c3dee04cce65f8f07df025d6') in 0.791301 seconds
  Import took 0.853975 seconds .

========================================================================
Received Import Request.
  Time since last request: 1.298409 seconds.
  path: Assets/Sprites/hp bar fondo.png
  artifactKey: Guid(62ce724785a7577488ad3a3fb849c145) Importer(815301076,1909f56bfc062723c751e8b465ee728b)
Start importing Assets/Sprites/hp bar fondo.png using Guid(62ce724785a7577488ad3a3fb849c145) Importer(815301076,1909f56bfc062723c751e8b465ee728b)  -> (artifact id: '98561e64973d9c44f8730b1aaccf31e4') in 0.041908 seconds
  Import took 0.044211 seconds .

========================================================================
Received Import Request.
  Time since last request: 0.000183 seconds.
  path: Assets/Sprites/HP bar.png
  artifactKey: Guid(122d5245bd6ae5b4bacfcaf3492b5317) Importer(815301076,1909f56bfc062723c751e8b465ee728b)
Start importing Assets/Sprites/HP bar.png using Guid(122d5245bd6ae5b4bacfcaf3492b5317) Importer(815301076,1909f56bfc062723c751e8b465ee728b)  -> (artifact id: '87c430c887e06cd3bde13595cacdb20e') in 0.019152 seconds
  Import took 0.021501 seconds .

========================================================================
Received Import Request.
  Time since last request: 1.304678 seconds.
  path: Assets/Scripts
  artifactKey: Guid(b7d2614b1ea45854abae33f092b653c8) Importer(815301076,1909f56bfc062723c751e8b465ee728b)
Start importing Assets/Scripts using Guid(b7d2614b1ea45854abae33f092b653c8) Importer(815301076,1909f56bfc062723c751e8b465ee728b)  -> (artifact id: 'a25d62c9170d42328be40eae4e74079f') in 0.006231 seconds
  Import took 0.008611 seconds .

========================================================================
Received Prepare
Registering precompiled user dll's ...
Registered in 0.000447 seconds.
Begin MonoManager ReloadAssembly
Native extension for WindowsStandalone target not found
Refreshing native plugins compatible for Editor in 0.45 ms, found 0 plugins.
Preloading 0 native plugins for Editor in 0.00 ms.
Invoked RoslynAnalysisRunner static constructor.
RoslynAnalysisRunner will not be running.
RoslynAnalysisRunner has terminated.
Mono: successfully reloaded assembly
- Completed reload, in  0.705 seconds
Platform modules already initialized, skipping
Refreshing native plugins compatible for Editor in 0.39 ms, found 0 plugins.
Preloading 0 native plugins for Editor in 0.00 ms.
Unloading 1136 Unused Serialized files (Serialized files now loaded: 0)
System memory in use before: 79.5 MB.
System memory in use after: 79.6 MB.

Unloading 7 unused Assets to reduce memory usage. Loaded Objects now: 1642.
Total: 1.926300 ms (FindLiveObjects: 0.153200 ms CreateObjectMapping: 0.030500 ms MarkObjects: 1.635700 ms  DeleteObjects: 0.105100 ms)

========================================================================
Received Import Request.
  Time since last request: 10.984383 seconds.
  path: Assets/Scripts/DoorShoot.cs
  artifactKey: Guid(d6c02f035e05cb64bab41b2a60c30494) Importer(815301076,1909f56bfc062723c751e8b465ee728b)
Start importing Assets/Scripts/DoorShoot.cs using Guid(d6c02f035e05cb64bab41b2a60c30494) Importer(815301076,1909f56bfc062723c751e8b465ee728b)  -> (artifact id: '556ddc72535715dd1946b4adc85d883d') in 0.011165 seconds
  Import took 0.014137 seconds .

========================================================================
Received Prepare
Registering precompiled user dll's ...
Registered in 0.000700 seconds.
Begin MonoManager ReloadAssembly
Native extension for WindowsStandalone target not found
Refreshing native plugins compatible for Editor in 0.28 ms, found 0 plugins.
Preloading 0 native plugins for Editor in 0.00 ms.
Invoked RoslynAnalysisRunner static constructor.
RoslynAnalysisRunner will not be running.
RoslynAnalysisRunner has terminated.
Mono: successfully reloaded assembly
- Completed reload, in  0.633 seconds
Platform modules already initialized, skipping
Refreshing native plugins compatible for Editor in 0.30 ms, found 0 plugins.
Preloading 0 native plugins for Editor in 0.00 ms.
Unloading 1136 Unused Serialized files (Serialized files now loaded: 0)
System memory in use before: 79.6 MB.
System memory in use after: 79.6 MB.

Unloading 5 unused Assets to reduce memory usage. Loaded Objects now: 1645.
Total: 1.717100 ms (FindLiveObjects: 0.118600 ms CreateObjectMapping: 0.021600 ms MarkObjects: 1.467800 ms  DeleteObjects: 0.107200 ms)

========================================================================
Received Import Request.
  Time since last request: 4.577826 seconds.
  path: Assets/Scripts/DoorS
  artifactKey: Guid(79d9657341d2f5441ad9ca567706552f) Importer(815301076,1909f56bfc062723c751e8b465ee728b)
Start importing Assets/Scripts/DoorS using Guid(79d9657341d2f5441ad9ca567706552f) Importer(815301076,1909f56bfc062723c751e8b465ee728b)  -> (artifact id: '14d7e2907a4298d653f6a02da308cf72') in 0.006670 seconds
  Import took 0.008766 seconds .

========================================================================
Received Import Request.
  Time since last request: 11.067323 seconds.
  path: Assets/Scripts/DoorTrigger.cs
  artifactKey: Guid(ab6530e8e76f5c84e8348ab8fe896832) Importer(815301076,1909f56bfc062723c751e8b465ee728b)
Start importing Assets/Scripts/DoorTrigger.cs using Guid(ab6530e8e76f5c84e8348ab8fe896832) Importer(815301076,1909f56bfc062723c751e8b465ee728b)  -> (artifact id: 'aee62c6fd56fbbca3b2b4763e1511f60') in 0.005231 seconds
  Import took 0.007197 seconds .

========================================================================
Received Prepare
Registering precompiled user dll's ...
Registered in 0.000692 seconds.
Begin MonoManager ReloadAssembly
Native extension for WindowsStandalone target not found
Refreshing native plugins compatible for Editor in 0.30 ms, found 0 plugins.
Preloading 0 native plugins for Editor in 0.00 ms.
Invoked RoslynAnalysisRunner static constructor.
RoslynAnalysisRunner will not be running.
RoslynAnalysisRunner has terminated.
Mono: successfully reloaded assembly
- Completed reload, in  0.621 seconds
Platform modules already initialized, skipping
Refreshing native plugins compatible for Editor in 0.33 ms, found 0 plugins.
Preloading 0 native plugins for Editor in 0.00 ms.
Unloading 1136 Unused Serialized files (Serialized files now loaded: 0)
System memory in use before: 79.6 MB.
System memory in use after: 79.6 MB.

Unloading 5 unused Assets to reduce memory usage. Loaded Objects now: 1648.
Total: 2.210300 ms (FindLiveObjects: 0.295800 ms CreateObjectMapping: 0.055700 ms MarkObjects: 1.756500 ms  DeleteObjects: 0.100100 ms)

========================================================================
Received Prepare
Registering precompiled user dll's ...
Registered in 0.001308 seconds.
Begin MonoManager ReloadAssembly
Native extension for WindowsStandalone target not found
Refreshing native plugins compatible for Editor in 0.36 ms, found 0 plugins.
Preloading 0 native plugins for Editor in 0.00 ms.
Invoked RoslynAnalysisRunner static constructor.
RoslynAnalysisRunner will not be running.
RoslynAnalysisRunner has terminated.
Mono: successfully reloaded assembly
- Completed reload, in  0.625 seconds
Platform modules already initialized, skipping
Refreshing native plugins compatible for Editor in 0.39 ms, found 0 plugins.
Preloading 0 native plugins for Editor in 0.00 ms.
Unloading 1136 Unused Serialized files (Serialized files now loaded: 0)
System memory in use before: 79.6 MB.
System memory in use after: 79.7 MB.

Unloading 5 unused Assets to reduce memory usage. Loaded Objects now: 1651.
Total: 1.381900 ms (FindLiveObjects: 0.258300 ms CreateObjectMapping: 0.037600 ms MarkObjects: 1.015400 ms  DeleteObjects: 0.069400 ms)

========================================================================
Received Import Request.
  Time since last request: 191.527202 seconds.
  path: Assets/Scripts/DoorS/DoorShoot.cs
  artifactKey: Guid(d6c02f035e05cb64bab41b2a60c30494) Importer(815301076,1909f56bfc062723c751e8b465ee728b)
Start importing Assets/Scripts/DoorS/DoorShoot.cs using Guid(d6c02f035e05cb64bab41b2a60c30494) Importer(815301076,1909f56bfc062723c751e8b465ee728b)  -> (artifact id: '4a81f5ed3c14d1cc8fd72ec87301f93c') in 0.003449 seconds
  Import took 0.005663 seconds .

========================================================================
Received Import Request.
  Time since last request: 13.709053 seconds.
  path: Assets/Animations/DoorShoot.anim
  artifactKey: Guid(ecac529c8a744f44cb3a5428f61e0242) Importer(815301076,1909f56bfc062723c751e8b465ee728b)
Start importing Assets/Animations/DoorShoot.anim using Guid(ecac529c8a744f44cb3a5428f61e0242) Importer(815301076,1909f56bfc062723c751e8b465ee728b)  -> (artifact id: '6e065405e4cb90474ff8b71de0df7497') in 0.011351 seconds
  Import took 0.013898 seconds .

========================================================================
Received Import Request.
  Time since last request: 7.795243 seconds.
  path: Assets/Animations/dfk_gate_01_large.controller
  artifactKey: Guid(72b6951fa5f6a00469def43ac747b425) Importer(815301076,1909f56bfc062723c751e8b465ee728b)
Start importing Assets/Animations/dfk_gate_01_large.controller using Guid(72b6951fa5f6a00469def43ac747b425) Importer(815301076,1909f56bfc062723c751e8b465ee728b)  -> (artifact id: 'f0c66717a9024c37fded2883a83cb51c') in 0.008385 seconds
  Import took 0.010843 seconds .

========================================================================
Received Import Request.
  Time since last request: 49.678922 seconds.
  path: Assets/Scripts/ShooterPoints.cs
  artifactKey: Guid(080ce342418ff8742a9f2e3ab338cc65) Importer(815301076,1909f56bfc062723c751e8b465ee728b)
Start importing Assets/Scripts/ShooterPoints.cs using Guid(080ce342418ff8742a9f2e3ab338cc65) Importer(815301076,1909f56bfc062723c751e8b465ee728b)  -> (artifact id: '9a91db316efdb7c890cc8fad9d3a74c4') in 0.007874 seconds
  Import took 0.010679 seconds .

========================================================================
Received Prepare
Registering precompiled user dll's ...
Registered in 0.000478 seconds.
Begin MonoManager ReloadAssembly
Native extension for WindowsStandalone target not found
Refreshing native plugins compatible for Editor in 0.30 ms, found 0 plugins.
Preloading 0 native plugins for Editor in 0.00 ms.
Invoked RoslynAnalysisRunner static constructor.
RoslynAnalysisRunner will not be running.
RoslynAnalysisRunner has terminated.
Mono: successfully reloaded assembly
- Completed reload, in  0.665 seconds
Platform modules already initialized, skipping
Refreshing native plugins compatible for Editor in 0.46 ms, found 0 plugins.
Preloading 0 native plugins for Editor in 0.00 ms.
Unloading 1137 Unused Serialized files (Serialized files now loaded: 0)
System memory in use before: 79.6 MB.
System memory in use after: 79.7 MB.

Unloading 5 unused Assets to reduce memory usage. Loaded Objects now: 1655.
Total: 1.903800 ms (FindLiveObjects: 0.162900 ms CreateObjectMapping: 0.028600 ms MarkObjects: 1.618900 ms  DeleteObjects: 0.091900 ms)

========================================================================
Received Prepare
Registering precompiled user dll's ...
Registered in 0.000903 seconds.
Begin MonoManager ReloadAssembly
Native extension for WindowsStandalone target not found
Refreshing native plugins compatible for Editor in 0.32 ms, found 0 plugins.
Preloading 0 native plugins for Editor in 0.00 ms.
Invoked RoslynAnalysisRunner static constructor.
RoslynAnalysisRunner will not be running.
RoslynAnalysisRunner has terminated.
Mono: successfully reloaded assembly
- Completed reload, in  0.651 seconds
Platform modules already initialized, skipping
Refreshing native plugins compatible for Editor in 0.43 ms, found 0 plugins.
Preloading 0 native plugins for Editor in 0.00 ms.
Unloading 1137 Unused Serialized files (Serialized files now loaded: 0)
System memory in use before: 79.6 MB.
System memory in use after: 79.7 MB.

Unloading 5 unused Assets to reduce memory usage. Loaded Objects now: 1658.
Total: 1.666100 ms (FindLiveObjects: 0.197100 ms CreateObjectMapping: 0.042500 ms MarkObjects: 1.341900 ms  DeleteObjects: 0.083200 ms)

========================================================================
Received Import Request.
  Time since last request: 127.291619 seconds.
  path: Assets/Scripts/ShooterPoints.cs
  artifactKey: Guid(080ce342418ff8742a9f2e3ab338cc65) Importer(815301076,1909f56bfc062723c751e8b465ee728b)
Start importing Assets/Scripts/ShooterPoints.cs using Guid(080ce342418ff8742a9f2e3ab338cc65) Importer(815301076,1909f56bfc062723c751e8b465ee728b)  -> (artifact id: '22e40f75d33fbbda1054a527fb6c3de1') in 0.003344 seconds
  Import took 0.005343 seconds .

========================================================================
Received Prepare
Registering precompiled user dll's ...
Registered in 0.000506 seconds.
Begin MonoManager ReloadAssembly
Native extension for WindowsStandalone target not found
Refreshing native plugins compatible for Editor in 0.40 ms, found 0 plugins.
Preloading 0 native plugins for Editor in 0.00 ms.
Invoked RoslynAnalysisRunner static constructor.
RoslynAnalysisRunner will not be running.
RoslynAnalysisRunner has terminated.
Mono: successfully reloaded assembly
- Completed reload, in  0.703 seconds
Platform modules already initialized, skipping
Refreshing native plugins compatible for Editor in 0.29 ms, found 0 plugins.
Preloading 0 native plugins for Editor in 0.00 ms.
Unloading 1137 Unused Serialized files (Serialized files now loaded: 0)
System memory in use before: 79.6 MB.
System memory in use after: 79.7 MB.

Unloading 5 unused Assets to reduce memory usage. Loaded Objects now: 1661.
Total: 1.267100 ms (FindLiveObjects: 0.109900 ms CreateObjectMapping: 0.023200 ms MarkObjects: 1.065100 ms  DeleteObjects: 0.067600 ms)

========================================================================
Received Prepare
Registering precompiled user dll's ...
Registered in 0.000528 seconds.
Begin MonoManager ReloadAssembly
Native extension for WindowsStandalone target not found
Refreshing native plugins compatible for Editor in 0.40 ms, found 0 plugins.
Preloading 0 native plugins for Editor in 0.00 ms.
Invoked RoslynAnalysisRunner static constructor.
RoslynAnalysisRunner will not be running.
RoslynAnalysisRunner has terminated.
Mono: successfully reloaded assembly
- Completed reload, in  0.827 seconds
Platform modules already initialized, skipping
Refreshing native plugins compatible for Editor in 0.33 ms, found 0 plugins.
Preloading 0 native plugins for Editor in 0.00 ms.
Unloading 1137 Unused Serialized files (Serialized files now loaded: 0)
System memory in use before: 79.6 MB.
System memory in use after: 79.7 MB.

Unloading 5 unused Assets to reduce memory usage. Loaded Objects now: 1664.
Total: 2.492200 ms (FindLiveObjects: 0.191500 ms CreateObjectMapping: 0.044900 ms MarkObjects: 2.167900 ms  DeleteObjects: 0.086400 ms)

========================================================================
Received Prepare
Registering precompiled user dll's ...
Registered in 0.000635 seconds.
Begin MonoManager ReloadAssembly
Native extension for WindowsStandalone target not found
Refreshing native plugins compatible for Editor in 0.39 ms, found 0 plugins.
Preloading 0 native plugins for Editor in 0.00 ms.
Invoked RoslynAnalysisRunner static constructor.
RoslynAnalysisRunner will not be running.
RoslynAnalysisRunner has terminated.
Mono: successfully reloaded assembly
- Completed reload, in  0.617 seconds
Platform modules already initialized, skipping
Refreshing native plugins compatible for Editor in 0.33 ms, found 0 plugins.
Preloading 0 native plugins for Editor in 0.00 ms.
Unloading 1137 Unused Serialized files (Serialized files now loaded: 0)
System memory in use before: 79.7 MB.
System memory in use after: 79.7 MB.

Unloading 5 unused Assets to reduce memory usage. Loaded Objects now: 1667.
Total: 1.665600 ms (FindLiveObjects: 0.136100 ms CreateObjectMapping: 0.036300 ms MarkObjects: 1.414400 ms  DeleteObjects: 0.077300 ms)

========================================================================
Received Import Request.
  Time since last request: 233.157217 seconds.
  path: Assets/Animations/dfk_gate_01_large.controller
  artifactKey: Guid(72b6951fa5f6a00469def43ac747b425) Importer(815301076,1909f56bfc062723c751e8b465ee728b)
Start importing Assets/Animations/dfk_gate_01_large.controller using Guid(72b6951fa5f6a00469def43ac747b425) Importer(815301076,1909f56bfc062723c751e8b465ee728b)  -> (artifact id: 'c5db848359024b247888d34df5ed3da3') in 0.014723 seconds
  Import took 0.017527 seconds .

========================================================================
Received Import Request.
  Time since last request: 10.210306 seconds.
  path: Assets/Animations/DoorShoot.anim
  artifactKey: Guid(ecac529c8a744f44cb3a5428f61e0242) Importer(815301076,1909f56bfc062723c751e8b465ee728b)
Start importing Assets/Animations/DoorShoot.anim using Guid(ecac529c8a744f44cb3a5428f61e0242) Importer(815301076,1909f56bfc062723c751e8b465ee728b)  -> (artifact id: '843eef13c38dbb011f48fa0c41a0da60') in 0.002724 seconds
  Import took 0.006455 seconds .

========================================================================
Received Import Request.
  Time since last request: 0.003935 seconds.
  path: Assets/Animations/DoorShoot.anim
  artifactKey: Guid(ecac529c8a744f44cb3a5428f61e0242) Importer(815301076,1909f56bfc062723c751e8b465ee728b)
Start importing Assets/Animations/DoorShoot.anim using Guid(ecac529c8a744f44cb3a5428f61e0242) Importer(815301076,1909f56bfc062723c751e8b465ee728b)  -> (artifact id: '843eef13c38dbb011f48fa0c41a0da60') in 0.003611 seconds
  Import took 0.006296 seconds .

========================================================================
Received Prepare
Registering precompiled user dll's ...
Registered in 0.000743 seconds.
Begin MonoManager ReloadAssembly
Native extension for WindowsStandalone target not found
Refreshing native plugins compatible for Editor in 0.32 ms, found 0 plugins.
Preloading 0 native plugins for Editor in 0.00 ms.
Invoked RoslynAnalysisRunner static constructor.
RoslynAnalysisRunner will not be running.
RoslynAnalysisRunner has terminated.
Mono: successfully reloaded assembly
- Completed reload, in  0.630 seconds
Platform modules already initialized, skipping
Refreshing native plugins compatible for Editor in 0.31 ms, found 0 plugins.
Preloading 0 native plugins for Editor in 0.00 ms.
Unloading 1137 Unused Serialized files (Serialized files now loaded: 0)
System memory in use before: 79.7 MB.
System memory in use after: 79.7 MB.

Unloading 5 unused Assets to reduce memory usage. Loaded Objects now: 1670.
Total: 1.607600 ms (FindLiveObjects: 0.176100 ms CreateObjectMapping: 0.052700 ms MarkObjects: 1.277800 ms  DeleteObjects: 0.099800 ms)

========================================================================
Received Prepare
Registering precompiled user dll's ...
Registered in 0.000524 seconds.
Begin MonoManager ReloadAssembly
Native extension for WindowsStandalone target not found
Refreshing native plugins compatible for Editor in 0.56 ms, found 0 plugins.
Preloading 0 native plugins for Editor in 0.00 ms.
Invoked RoslynAnalysisRunner static constructor.
RoslynAnalysisRunner will not be running.
RoslynAnalysisRunner has terminated.
Mono: successfully reloaded assembly
- Completed reload, in  0.652 seconds
Platform modules already initialized, skipping
Refreshing native plugins compatible for Editor in 0.34 ms, found 0 plugins.
Preloading 0 native plugins for Editor in 0.00 ms.
Unloading 1137 Unused Serialized files (Serialized files now loaded: 0)
System memory in use before: 79.7 MB.
System memory in use after: 79.7 MB.

Unloading 5 unused Assets to reduce memory usage. Loaded Objects now: 1673.
Total: 1.556900 ms (FindLiveObjects: 0.224600 ms CreateObjectMapping: 0.051900 ms MarkObjects: 1.204100 ms  DeleteObjects: 0.075300 ms)

========================================================================
Received Prepare
Registering precompiled user dll's ...
Registered in 0.000887 seconds.
Begin MonoManager ReloadAssembly
Native extension for WindowsStandalone target not found
Refreshing native plugins compatible for Editor in 0.72 ms, found 0 plugins.
Preloading 0 native plugins for Editor in 0.00 ms.
Invoked RoslynAnalysisRunner static constructor.
RoslynAnalysisRunner will not be running.
RoslynAnalysisRunner has terminated.
Mono: successfully reloaded assembly
- Completed reload, in  0.705 seconds
Platform modules already initialized, skipping
Refreshing native plugins compatible for Editor in 0.30 ms, found 0 plugins.
Preloading 0 native plugins for Editor in 0.00 ms.
Unloading 1137 Unused Serialized files (Serialized files now loaded: 0)
System memory in use before: 79.7 MB.
System memory in use after: 79.7 MB.

Unloading 5 unused Assets to reduce memory usage. Loaded Objects now: 1676.
Total: 1.863100 ms (FindLiveObjects: 0.209300 ms CreateObjectMapping: 0.043500 ms MarkObjects: 1.527500 ms  DeleteObjects: 0.081200 ms)

========================================================================
Received Prepare
Registering precompiled user dll's ...
Registered in 0.000500 seconds.
Begin MonoManager ReloadAssembly
Native extension for WindowsStandalone target not found
Refreshing native plugins compatible for Editor in 0.36 ms, found 0 plugins.
Preloading 0 native plugins for Editor in 0.00 ms.
Invoked RoslynAnalysisRunner static constructor.
RoslynAnalysisRunner will not be running.
RoslynAnalysisRunner has terminated.
Mono: successfully reloaded assembly
- Completed reload, in  0.652 seconds
Platform modules already initialized, skipping
Refreshing native plugins compatible for Editor in 0.31 ms, found 0 plugins.
Preloading 0 native plugins for Editor in 0.00 ms.
Unloading 1137 Unused Serialized files (Serialized files now loaded: 0)
System memory in use before: 79.7 MB.
System memory in use after: 79.8 MB.

Unloading 5 unused Assets to reduce memory usage. Loaded Objects now: 1679.
Total: 2.374100 ms (FindLiveObjects: 0.158300 ms CreateObjectMapping: 0.043100 ms MarkObjects: 2.035100 ms  DeleteObjects: 0.135800 ms)

========================================================================
Received Prepare
Registering precompiled user dll's ...
Registered in 0.000518 seconds.
Begin MonoManager ReloadAssembly
Native extension for WindowsStandalone target not found
Refreshing native plugins compatible for Editor in 0.30 ms, found 0 plugins.
Preloading 0 native plugins for Editor in 0.00 ms.
Invoked RoslynAnalysisRunner static constructor.
RoslynAnalysisRunner will not be running.
RoslynAnalysisRunner has terminated.
Mono: successfully reloaded assembly
- Completed reload, in  0.609 seconds
Platform modules already initialized, skipping
Refreshing native plugins compatible for Editor in 0.30 ms, found 0 plugins.
Preloading 0 native plugins for Editor in 0.00 ms.
Unloading 1137 Unused Serialized files (Serialized files now loaded: 0)
System memory in use before: 79.7 MB.
System memory in use after: 79.8 MB.

Unloading 5 unused Assets to reduce memory usage. Loaded Objects now: 1682.
Total: 1.487800 ms (FindLiveObjects: 0.167600 ms CreateObjectMapping: 0.028300 ms MarkObjects: 1.217400 ms  DeleteObjects: 0.072900 ms)

========================================================================
Received Prepare
Registering precompiled user dll's ...
Registered in 0.000556 seconds.
Begin MonoManager ReloadAssembly
Native extension for WindowsStandalone target not found
Refreshing native plugins compatible for Editor in 0.40 ms, found 0 plugins.
Preloading 0 native plugins for Editor in 0.00 ms.
Invoked RoslynAnalysisRunner static constructor.
RoslynAnalysisRunner will not be running.
RoslynAnalysisRunner has terminated.
Mono: successfully reloaded assembly
- Completed reload, in  0.591 seconds
Platform modules already initialized, skipping
Refreshing native plugins compatible for Editor in 0.39 ms, found 0 plugins.
Preloading 0 native plugins for Editor in 0.00 ms.
Unloading 1137 Unused Serialized files (Serialized files now loaded: 0)
System memory in use before: 79.7 MB.
System memory in use after: 79.8 MB.

Unloading 5 unused Assets to reduce memory usage. Loaded Objects now: 1685.
Total: 2.782200 ms (FindLiveObjects: 0.235100 ms CreateObjectMapping: 0.059600 ms MarkObjects: 2.248100 ms  DeleteObjects: 0.236900 ms)

========================================================================
Received Prepare
Registering precompiled user dll's ...
Registered in 0.000501 seconds.
Begin MonoManager ReloadAssembly
Native extension for WindowsStandalone target not found
Refreshing native plugins compatible for Editor in 0.30 ms, found 0 plugins.
Preloading 0 native plugins for Editor in 0.00 ms.
Invoked RoslynAnalysisRunner static constructor.
RoslynAnalysisRunner will not be running.
RoslynAnalysisRunner has terminated.
Mono: successfully reloaded assembly
- Completed reload, in  0.649 seconds
Platform modules already initialized, skipping
Refreshing native plugins compatible for Editor in 0.30 ms, found 0 plugins.
Preloading 0 native plugins for Editor in 0.00 ms.
Unloading 1137 Unused Serialized files (Serialized files now loaded: 0)
System memory in use before: 79.7 MB.
System memory in use after: 79.8 MB.

Unloading 5 unused Assets to reduce memory usage. Loaded Objects now: 1688.
Total: 1.753800 ms (FindLiveObjects: 0.131700 ms CreateObjectMapping: 0.023400 ms MarkObjects: 1.507800 ms  DeleteObjects: 0.089300 ms)

========================================================================
Received Prepare
Registering precompiled user dll's ...
Registered in 0.000544 seconds.
Begin MonoManager ReloadAssembly
Native extension for WindowsStandalone target not found
Refreshing native plugins compatible for Editor in 0.31 ms, found 0 plugins.
Preloading 0 native plugins for Editor in 0.00 ms.
Invoked RoslynAnalysisRunner static constructor.
RoslynAnalysisRunner will not be running.
RoslynAnalysisRunner has terminated.
Mono: successfully reloaded assembly
- Completed reload, in  0.594 seconds
Platform modules already initialized, skipping
Refreshing native plugins compatible for Editor in 0.31 ms, found 0 plugins.
Preloading 0 native plugins for Editor in 0.00 ms.
Unloading 1137 Unused Serialized files (Serialized files now loaded: 0)
System memory in use before: 79.7 MB.
System memory in use after: 79.8 MB.

Unloading 5 unused Assets to reduce memory usage. Loaded Objects now: 1691.
Total: 2.248800 ms (FindLiveObjects: 0.218000 ms CreateObjectMapping: 0.047300 ms MarkObjects: 1.878800 ms  DeleteObjects: 0.103500 ms)

========================================================================
Received Prepare
Registering precompiled user dll's ...
Registered in 0.000564 seconds.
Begin MonoManager ReloadAssembly
Native extension for WindowsStandalone target not found
Refreshing native plugins compatible for Editor in 0.35 ms, found 0 plugins.
Preloading 0 native plugins for Editor in 0.00 ms.
Invoked RoslynAnalysisRunner static constructor.
RoslynAnalysisRunner will not be running.
RoslynAnalysisRunner has terminated.
Mono: successfully reloaded assembly
- Completed reload, in  0.588 seconds
Platform modules already initialized, skipping
Refreshing native plugins compatible for Editor in 0.29 ms, found 0 plugins.
Preloading 0 native plugins for Editor in 0.00 ms.
Unloading 1137 Unused Serialized files (Serialized files now loaded: 0)
System memory in use before: 79.7 MB.
System memory in use after: 79.8 MB.

Unloading 5 unused Assets to reduce memory usage. Loaded Objects now: 1694.
Total: 2.301300 ms (FindLiveObjects: 0.337400 ms CreateObjectMapping: 0.040300 ms MarkObjects: 1.846600 ms  DeleteObjects: 0.075400 ms)

========================================================================
Received Prepare
Registering precompiled user dll's ...
Registered in 0.000667 seconds.
Begin MonoManager ReloadAssembly
Native extension for WindowsStandalone target not found
Refreshing native plugins compatible for Editor in 0.49 ms, found 0 plugins.
Preloading 0 native plugins for Editor in 0.00 ms.
Invoked RoslynAnalysisRunner static constructor.
RoslynAnalysisRunner will not be running.
RoslynAnalysisRunner has terminated.
Mono: successfully reloaded assembly
- Completed reload, in  0.838 seconds
Platform modules already initialized, skipping
Refreshing native plugins compatible for Editor in 0.53 ms, found 0 plugins.
Preloading 0 native plugins for Editor in 0.00 ms.
Unloading 1137 Unused Serialized files (Serialized files now loaded: 0)
System memory in use before: 79.7 MB.
System memory in use after: 79.8 MB.

Unloading 5 unused Assets to reduce memory usage. Loaded Objects now: 1697.
Total: 2.599300 ms (FindLiveObjects: 0.660000 ms CreateObjectMapping: 0.089000 ms MarkObjects: 1.740500 ms  DeleteObjects: 0.108300 ms)

========================================================================
Received Import Request.
  Time since last request: 873.978829 seconds.
  path: Assets/Animations/Open.anim
  artifactKey: Guid(2dcc1b80f33fabc4faaf97e59b53bee2) Importer(815301076,1909f56bfc062723c751e8b465ee728b)
Start importing Assets/Animations/Open.anim using Guid(2dcc1b80f33fabc4faaf97e59b53bee2) Importer(815301076,1909f56bfc062723c751e8b465ee728b)  -> (artifact id: '62eafc955de65c0cb13680f5899ba166') in 0.014582 seconds
  Import took 0.017557 seconds .

========================================================================
Received Import Request.
  Time since last request: 2.404059 seconds.
  path: Assets/Animations/GateOpen.anim
  artifactKey: Guid(27a2477d05b28014e86cd7521dbc0371) Importer(815301076,1909f56bfc062723c751e8b465ee728b)
Start importing Assets/Animations/GateOpen.anim using Guid(27a2477d05b28014e86cd7521dbc0371) Importer(815301076,1909f56bfc062723c751e8b465ee728b)  -> (artifact id: '8b9b7187c5f992ee190d8de16e911391') in 0.007375 seconds
  Import took 0.009884 seconds .

========================================================================
Received Prepare
Registering precompiled user dll's ...
Registered in 0.000975 seconds.
Begin MonoManager ReloadAssembly
Native extension for WindowsStandalone target not found
Refreshing native plugins compatible for Editor in 0.29 ms, found 0 plugins.
Preloading 0 native plugins for Editor in 0.00 ms.
Invoked RoslynAnalysisRunner static constructor.
RoslynAnalysisRunner will not be running.
RoslynAnalysisRunner has terminated.
Mono: successfully reloaded assembly
- Completed reload, in  0.607 seconds
Platform modules already initialized, skipping
Refreshing native plugins compatible for Editor in 0.32 ms, found 0 plugins.
Preloading 0 native plugins for Editor in 0.00 ms.
Unloading 1137 Unused Serialized files (Serialized files now loaded: 0)
System memory in use before: 79.7 MB.
System memory in use after: 79.8 MB.

Unloading 5 unused Assets to reduce memory usage. Loaded Objects now: 1700.
Total: 1.348900 ms (FindLiveObjects: 0.120400 ms CreateObjectMapping: 0.022700 ms MarkObjects: 1.128800 ms  DeleteObjects: 0.075400 ms)

========================================================================
Received Import Request.
  Time since last request: 43.517670 seconds.
  path: Assets/Animations/Puerta.controller
  artifactKey: Guid(fd36651316cc4f541886abce32d10e75) Importer(815301076,1909f56bfc062723c751e8b465ee728b)
Start importing Assets/Animations/Puerta.controller using Guid(fd36651316cc4f541886abce32d10e75) Importer(815301076,1909f56bfc062723c751e8b465ee728b)  -> (artifact id: '9e9c7146e3ef59ff000af1f2e59bd1ed') in 0.019750 seconds
  Import took 0.023932 seconds .

========================================================================
Received Prepare
Registering precompiled user dll's ...
Registered in 0.002011 seconds.
Begin MonoManager ReloadAssembly
Native extension for WindowsStandalone target not found
Refreshing native plugins compatible for Editor in 0.55 ms, found 0 plugins.
Preloading 0 native plugins for Editor in 0.00 ms.
Invoked RoslynAnalysisRunner static constructor.
RoslynAnalysisRunner will not be running.
RoslynAnalysisRunner has terminated.
Mono: successfully reloaded assembly
- Completed reload, in  0.623 seconds
Platform modules already initialized, skipping
Refreshing native plugins compatible for Editor in 0.33 ms, found 0 plugins.
Preloading 0 native plugins for Editor in 0.00 ms.
Unloading 1137 Unused Serialized files (Serialized files now loaded: 0)
System memory in use before: 79.7 MB.
System memory in use after: 79.8 MB.

Unloading 5 unused Assets to reduce memory usage. Loaded Objects now: 1703.
Total: 1.459200 ms (FindLiveObjects: 0.116400 ms CreateObjectMapping: 0.022700 ms MarkObjects: 1.245500 ms  DeleteObjects: 0.073700 ms)

========================================================================
Received Prepare
Registering precompiled user dll's ...
Registered in 0.000547 seconds.
Begin MonoManager ReloadAssembly
Native extension for WindowsStandalone target not found
Refreshing native plugins compatible for Editor in 0.33 ms, found 0 plugins.
Preloading 0 native plugins for Editor in 0.00 ms.
Invoked RoslynAnalysisRunner static constructor.
RoslynAnalysisRunner will not be running.
RoslynAnalysisRunner has terminated.
Mono: successfully reloaded assembly
- Completed reload, in  0.649 seconds
Platform modules already initialized, skipping
Refreshing native plugins compatible for Editor in 0.44 ms, found 0 plugins.
Preloading 0 native plugins for Editor in 0.00 ms.
Unloading 1137 Unused Serialized files (Serialized files now loaded: 0)
System memory in use before: 79.7 MB.
System memory in use after: 79.8 MB.

Unloading 5 unused Assets to reduce memory usage. Loaded Objects now: 1706.
Total: 1.671100 ms (FindLiveObjects: 0.191600 ms CreateObjectMapping: 0.043900 ms MarkObjects: 1.350000 ms  DeleteObjects: 0.084400 ms)

AssetImportWorkerClient::OnTransportError - code=2 error=End of file
